<?xml version="1.0" encoding="windows-1252"?>
<OpenShipments xmlns="x-schema:OpenShipments.xdr">
	<OpenShipment ShipmentOption="" ProcessStatus="Processed">
		<Receiver>
			<CompanyName>PJD AUDIOVISUEL</CompanyName>
			<ContactPerson>Eric DENIS</ContactPerson>
			<AddressLine1>RUE JEAN JACQUES MENTION</AddressLine1>
			<AddressLine2></AddressLine2>
			<AddressLine3></AddressLine3>
			<City>AMIENS CEDEX 2</City>
			<CountryCode>FR</CountryCode>
			<PostalCode>80081</PostalCode>
			<Phone>03 22 66 60 00</Phone>
			<EmailAddress1>pjd.achats@pjd-france.com</EmailAddress1>
		</Receiver>
		<Shipper>
			<UpsAccountNumber>2A9663</UpsAccountNumber>
		</Shipper>
		<Shipment>
			<ServiceLevel>ST</ServiceLevel>
			<PackageType>CP</PackageType>
			<NumberOfPackages>1</NumberOfPackages>
			<ShipmentActualWeight>1</ShipmentActualWeight>
			<DescriptionOfGoods>Projector lamp</DescriptionOfGoods>
			<Reference1>154238</Reference1>
			<Reference2></Reference2>
			<BillingOption>PP</BillingOption>
			<QuantumViewNotifyDetails>
				<QuantumViewNotify>
					<NotificationEMailAddress>pjd.achats@pjd-france.com</NotificationEMailAddress>
					<NotificationRequest>5</NotificationRequest>
				</QuantumViewNotify>
				<FailureNotificationEMailAddress>ups@linats.net</FailureNotificationEMailAddress>
				<ShipperCompanyName></ShipperCompanyName>
				<SubjectLineOptions>SubjectLineOptions</SubjectLineOptions>
				<NotificationMessage>NotificationMessage</NotificationMessage>
			</QuantumViewNotifyDetails>
		</Shipment>
		<ProcessMessage>
			
			<ShipmentRates>
				<ShipmentCharges>
					<Rate>
						<Published>16,26</Published>
						<Negotiated>6,19</Negotiated>
					</Rate>
				</ShipmentCharges>
				<ShipperCharges>
					<Rate>
						<Published>16,26</Published>
						<Negotiated>6,19</Negotiated>
					</Rate>
				</ShipperCharges>
				<ReceiverCharges>
					<Rate>
						<Published>0,00</Published>
						<Negotiated>0,00</Negotiated>
					</Rate>
				</ReceiverCharges>
				<QVN>
					<Rate>
						<Published>0,00</Published>
						<Negotiated>0,00</Negotiated>
					</Rate>
				</QVN>
				<PackageRates>
					<PackageRate>
						<TrackingNumber>1Z2A96636856372281</TrackingNumber>
						<PackageCharges>
							<Rate>
							<Published>0,00</Published>
							<Negotiated>0,00</Negotiated>
							</Rate>
						</PackageCharges>
						<Delivery_AreaSurcharge>
							<Rate>
							<Published>0,00</Published>
							<Negotiated>0,00</Negotiated>
							</Rate>
						</Delivery_AreaSurcharge>
					</PackageRate>
				</PackageRates>
			</ShipmentRates>
			<TrackingNumbers>
				<TrackingNumber>1Z2A96636856372281</TrackingNumber>
			</TrackingNumbers>
			<ImportID></ImportID>
			<Reference1>154238</Reference1>
			<Reference2></Reference2>
		<ShipmentID></ShipmentID>
		<PRONumber></PRONumber>
		</ProcessMessage>
	</OpenShipment>
</OpenShipments>
